{"/home/bese/All projects/todo-app/packages/backend/src/index.ts": {"path":"/home/bese/All projects/todo-app/packages/backend/src/index.ts","statementMap":{"0":{"start":{"line":10,"column":0},"end":{"line":10,"column":16}},"1":{"start":{"line":2,"column":0},"end":{"line":2,"column":30}},"2":{"start":{"line":3,"column":0},"end":{"line":3,"column":24}},"3":{"start":{"line":4,"column":0},"end":{"line":4,"column":28}},"4":{"start":{"line":5,"column":0},"end":{"line":5,"column":59}},"5":{"start":{"line":6,"column":0},"end":{"line":6,"column":47}},"6":{"start":{"line":8,"column":0},"end":{"line":8,"column":16}},"7":{"start":{"line":11,"column":14},"end":{"line":11,"column":23}},"8":{"start":{"line":13,"column":2},"end":{"line":13,"column":18}},"9":{"start":{"line":14,"column":2},"end":{"line":14,"column":26}},"10":{"start":{"line":17,"column":2},"end":{"line":17,"column":49}},"11":{"start":{"line":18,"column":2},"end":{"line":18,"column":37}},"12":{"start":{"line":21,"column":2},"end":{"line":23,"column":5}},"13":{"start":{"line":22,"column":4},"end":{"line":22,"column":34}},"14":{"start":{"line":25,"column":2},"end":{"line":25,"column":13}},"15":{"start":{"line":29,"column":0},"end":{"line":35,"column":1}},"16":{"start":{"line":30,"column":14},"end":{"line":30,"column":25}},"17":{"start":{"line":31,"column":15},"end":{"line":31,"column":39}},"18":{"start":{"line":32,"column":2},"end":{"line":34,"column":5}},"19":{"start":{"line":33,"column":4},"end":{"line":33,"column":50}}},"fnMap":{"0":{"name":"createApp","decl":{"start":{"line":10,"column":16},"end":{"line":10,"column":25}},"loc":{"start":{"line":10,"column":25},"end":{"line":26,"column":1}}},"1":{"name":"(anonymous_2)","decl":{"start":{"line":21,"column":25},"end":{"line":21,"column":26}},"loc":{"start":{"line":21,"column":38},"end":{"line":23,"column":3}}},"2":{"name":"(anonymous_3)","decl":{"start":{"line":32,"column":19},"end":{"line":32,"column":22}},"loc":{"start":{"line":32,"column":24},"end":{"line":34,"column":3}}}},"branchMap":{"0":{"loc":{"start":{"line":29,"column":0},"end":{"line":35,"column":1}},"type":"if","locations":[{"start":{"line":29,"column":0},"end":{"line":35,"column":1}}]},"1":{"loc":{"start":{"line":31,"column":15},"end":{"line":31,"column":39}},"type":"binary-expr","locations":[{"start":{"line":31,"column":15},"end":{"line":31,"column":31}},{"start":{"line":31,"column":35},"end":{"line":31,"column":39}}]}},"s":{"0":2,"1":2,"2":2,"3":2,"4":2,"5":2,"6":2,"7":2,"8":2,"9":2,"10":2,"11":2,"12":2,"13":0,"14":2,"15":2,"16":0,"17":0,"18":0,"19":0},"f":{"0":2,"1":0,"2":0},"b":{"0":[0],"1":[0,0]}}
,"/home/bese/All projects/todo-app/packages/backend/src/controllers/collection.controller.ts": {"path":"/home/bese/All projects/todo-app/packages/backend/src/controllers/collection.controller.ts","statementMap":{"0":{"start":{"line":2,"column":0},"end":{"line":2,"column":78}},"1":{"start":{"line":4,"column":46},"end":{"line":12,"column":1}},"2":{"start":{"line":5,"column":2},"end":{"line":11,"column":3}},"3":{"start":{"line":6,"column":24},"end":{"line":6,"column":67}},"4":{"start":{"line":7,"column":4},"end":{"line":7,"column":26}},"5":{"start":{"line":9,"column":4},"end":{"line":9,"column":25}},"6":{"start":{"line":10,"column":4},"end":{"line":10,"column":67}},"7":{"start":{"line":4,"column":13},"end":{"line":4,"column":46}},"8":{"start":{"line":15,"column":79},"end":{"line":32,"column":1}},"9":{"start":{"line":19,"column":19},"end":{"line":19,"column":27}},"10":{"start":{"line":20,"column":2},"end":{"line":23,"column":3}},"11":{"start":{"line":21,"column":4},"end":{"line":21,"column":56}},"12":{"start":{"line":22,"column":4},"end":{"line":22,"column":11}},"13":{"start":{"line":25,"column":2},"end":{"line":31,"column":3}},"14":{"start":{"line":26,"column":26},"end":{"line":26,"column":75}},"15":{"start":{"line":27,"column":4},"end":{"line":27,"column":40}},"16":{"start":{"line":29,"column":4},"end":{"line":29,"column":25}},"17":{"start":{"line":30,"column":4},"end":{"line":30,"column":67}},"18":{"start":{"line":15,"column":13},"end":{"line":15,"column":79}},"19":{"start":{"line":34,"column":62},"end":{"line":46,"column":1}},"20":{"start":{"line":38,"column":17},"end":{"line":38,"column":27}},"21":{"start":{"line":39,"column":2},"end":{"line":45,"column":3}},"22":{"start":{"line":40,"column":23},"end":{"line":40,"column":76}},"23":{"start":{"line":41,"column":4},"end":{"line":41,"column":25}},"24":{"start":{"line":43,"column":4},"end":{"line":43,"column":25}},"25":{"start":{"line":44,"column":4},"end":{"line":44,"column":65}},"26":{"start":{"line":34,"column":13},"end":{"line":34,"column":62}},"27":{"start":{"line":48,"column":66},"end":{"line":60,"column":1}},"28":{"start":{"line":52,"column":17},"end":{"line":52,"column":27}},"29":{"start":{"line":53,"column":2},"end":{"line":59,"column":3}},"30":{"start":{"line":54,"column":18},"end":{"line":54,"column":75}},"31":{"start":{"line":55,"column":4},"end":{"line":55,"column":20}},"32":{"start":{"line":57,"column":4},"end":{"line":57,"column":25}},"33":{"start":{"line":58,"column":4},"end":{"line":58,"column":72}},"34":{"start":{"line":48,"column":13},"end":{"line":48,"column":66}},"35":{"start":{"line":62,"column":69},"end":{"line":76,"column":1}},"36":{"start":{"line":66,"column":17},"end":{"line":66,"column":27}},"37":{"start":{"line":67,"column":2},"end":{"line":75,"column":3}},"38":{"start":{"line":68,"column":4},"end":{"line":68,"column":65}},"39":{"start":{"line":69,"column":4},"end":{"line":69,"column":67}},"40":{"start":{"line":72,"column":4},"end":{"line":72,"column":61}},"41":{"start":{"line":74,"column":4},"end":{"line":74,"column":73}},"42":{"start":{"line":62,"column":13},"end":{"line":62,"column":69}}},"fnMap":{"0":{"name":"(anonymous_9)","decl":{"start":{"line":4,"column":46},"end":{"line":4,"column":51}},"loc":{"start":{"line":4,"column":84},"end":{"line":12,"column":1}}},"1":{"name":"(anonymous_10)","decl":{"start":{"line":15,"column":79},"end":{"line":15,"column":84}},"loc":{"start":{"line":18,"column":4},"end":{"line":32,"column":1}}},"2":{"name":"(anonymous_11)","decl":{"start":{"line":34,"column":62},"end":{"line":34,"column":67}},"loc":{"start":{"line":37,"column":4},"end":{"line":46,"column":1}}},"3":{"name":"(anonymous_12)","decl":{"start":{"line":48,"column":66},"end":{"line":48,"column":71}},"loc":{"start":{"line":51,"column":4},"end":{"line":60,"column":1}}},"4":{"name":"(anonymous_13)","decl":{"start":{"line":62,"column":69},"end":{"line":62,"column":74}},"loc":{"start":{"line":65,"column":4},"end":{"line":76,"column":1}}}},"branchMap":{"0":{"loc":{"start":{"line":20,"column":2},"end":{"line":23,"column":3}},"type":"if","locations":[{"start":{"line":20,"column":2},"end":{"line":23,"column":3}}]}},"s":{"0":2,"1":2,"2":1,"3":1,"4":1,"5":0,"6":0,"7":2,"8":2,"9":2,"10":2,"11":1,"12":1,"13":1,"14":1,"15":1,"16":0,"17":0,"18":2,"19":2,"20":1,"21":1,"22":1,"23":1,"24":0,"25":0,"26":2,"27":2,"28":0,"29":0,"30":0,"31":0,"32":0,"33":0,"34":2,"35":2,"36":0,"37":0,"38":0,"39":0,"40":0,"41":0,"42":2},"f":{"0":1,"1":2,"2":1,"3":0,"4":0},"b":{"0":[1]}}
,"/home/bese/All projects/todo-app/packages/backend/src/controllers/task.controller.ts": {"path":"/home/bese/All projects/todo-app/packages/backend/src/controllers/task.controller.ts","statementMap":{"0":{"start":{"line":2,"column":0},"end":{"line":2,"column":66}},"1":{"start":{"line":4,"column":36},"end":{"line":13,"column":1}},"2":{"start":{"line":5,"column":27},"end":{"line":5,"column":37}},"3":{"start":{"line":6,"column":2},"end":{"line":12,"column":3}},"4":{"start":{"line":7,"column":18},"end":{"line":7,"column":81}},"5":{"start":{"line":8,"column":4},"end":{"line":8,"column":26}},"6":{"start":{"line":10,"column":4},"end":{"line":10,"column":50}},"7":{"start":{"line":11,"column":4},"end":{"line":11,"column":61}},"8":{"start":{"line":4,"column":13},"end":{"line":4,"column":36}},"9":{"start":{"line":26,"column":4},"end":{"line":46,"column":1}},"10":{"start":{"line":27,"column":50},"end":{"line":27,"column":58}},"11":{"start":{"line":28,"column":2},"end":{"line":31,"column":3}},"12":{"start":{"line":29,"column":4},"end":{"line":29,"column":75}},"13":{"start":{"line":30,"column":4},"end":{"line":30,"column":11}},"14":{"start":{"line":33,"column":2},"end":{"line":45,"column":3}},"15":{"start":{"line":34,"column":17},"end":{"line":39,"column":6}},"16":{"start":{"line":40,"column":4},"end":{"line":40,"column":31}},"17":{"start":{"line":42,"column":4},"end":{"line":42,"column":49}},"18":{"start":{"line":44,"column":4},"end":{"line":44,"column":61}},"19":{"start":{"line":16,"column":13},"end":{"line":16,"column":null}},"20":{"start":{"line":48,"column":28},"end":{"line":58,"column":1}},"21":{"start":{"line":49,"column":17},"end":{"line":49,"column":27}},"22":{"start":{"line":50,"column":2},"end":{"line":57,"column":3}},"23":{"start":{"line":52,"column":4},"end":{"line":52,"column":68}},"24":{"start":{"line":53,"column":4},"end":{"line":53,"column":67}},"25":{"start":{"line":55,"column":4},"end":{"line":55,"column":51}},"26":{"start":{"line":56,"column":4},"end":{"line":56,"column":63}},"27":{"start":{"line":48,"column":13},"end":{"line":48,"column":28}},"28":{"start":{"line":61,"column":26},"end":{"line":77,"column":1}},"29":{"start":{"line":62,"column":17},"end":{"line":62,"column":27}},"30":{"start":{"line":63,"column":54},"end":{"line":63,"column":62}},"31":{"start":{"line":64,"column":2},"end":{"line":76,"column":3}},"32":{"start":{"line":65,"column":24},"end":{"line":71,"column":6}},"33":{"start":{"line":72,"column":4},"end":{"line":72,"column":26}},"34":{"start":{"line":74,"column":4},"end":{"line":74,"column":49}},"35":{"start":{"line":75,"column":4},"end":{"line":75,"column":61}},"36":{"start":{"line":61,"column":13},"end":{"line":61,"column":26}},"37":{"start":{"line":80,"column":26},"end":{"line":89,"column":1}},"38":{"start":{"line":81,"column":17},"end":{"line":81,"column":27}},"39":{"start":{"line":82,"column":2},"end":{"line":88,"column":3}},"40":{"start":{"line":83,"column":4},"end":{"line":83,"column":60}},"41":{"start":{"line":84,"column":4},"end":{"line":84,"column":68}},"42":{"start":{"line":86,"column":4},"end":{"line":86,"column":49}},"43":{"start":{"line":87,"column":4},"end":{"line":87,"column":61}},"44":{"start":{"line":80,"column":13},"end":{"line":80,"column":26}},"45":{"start":{"line":92,"column":26},"end":{"line":102,"column":1}},"46":{"start":{"line":93,"column":17},"end":{"line":93,"column":27}},"47":{"start":{"line":94,"column":2},"end":{"line":101,"column":3}},"48":{"start":{"line":95,"column":24},"end":{"line":95,"column":67}},"49":{"start":{"line":96,"column":4},"end":{"line":96,"column":26}},"50":{"start":{"line":98,"column":4},"end":{"line":98,"column":49}},"51":{"start":{"line":100,"column":4},"end":{"line":100,"column":61}},"52":{"start":{"line":92,"column":13},"end":{"line":92,"column":26}},"53":{"start":{"line":105,"column":40},"end":{"line":116,"column":1}},"54":{"start":{"line":106,"column":17},"end":{"line":106,"column":27}},"55":{"start":{"line":107,"column":23},"end":{"line":107,"column":31}},"56":{"start":{"line":108,"column":2},"end":{"line":115,"column":3}},"57":{"start":{"line":109,"column":4},"end":{"line":109,"column":74}},"58":{"start":{"line":110,"column":4},"end":{"line":110,"column":68}},"59":{"start":{"line":112,"column":4},"end":{"line":112,"column":64}},"60":{"start":{"line":114,"column":4},"end":{"line":114,"column":74}},"61":{"start":{"line":105,"column":13},"end":{"line":105,"column":40}}},"fnMap":{"0":{"name":"(anonymous_9)","decl":{"start":{"line":4,"column":36},"end":{"line":4,"column":41}},"loc":{"start":{"line":4,"column":74},"end":{"line":13,"column":1}}},"1":{"name":"(anonymous_10)","decl":{"start":{"line":26,"column":4},"end":{"line":26,"column":9}},"loc":{"start":{"line":26,"column":23},"end":{"line":46,"column":1}}},"2":{"name":"(anonymous_11)","decl":{"start":{"line":48,"column":28},"end":{"line":48,"column":33}},"loc":{"start":{"line":48,"column":66},"end":{"line":58,"column":1}}},"3":{"name":"(anonymous_12)","decl":{"start":{"line":61,"column":26},"end":{"line":61,"column":31}},"loc":{"start":{"line":61,"column":64},"end":{"line":77,"column":1}}},"4":{"name":"(anonymous_13)","decl":{"start":{"line":80,"column":26},"end":{"line":80,"column":31}},"loc":{"start":{"line":80,"column":64},"end":{"line":89,"column":1}}},"5":{"name":"(anonymous_14)","decl":{"start":{"line":92,"column":26},"end":{"line":92,"column":31}},"loc":{"start":{"line":92,"column":64},"end":{"line":102,"column":1}}},"6":{"name":"(anonymous_15)","decl":{"start":{"line":105,"column":40},"end":{"line":105,"column":45}},"loc":{"start":{"line":105,"column":78},"end":{"line":116,"column":1}}}},"branchMap":{"0":{"loc":{"start":{"line":8,"column":13},"end":{"line":8,"column":24}},"type":"binary-expr","locations":[{"start":{"line":8,"column":13},"end":{"line":8,"column":18}},{"start":{"line":8,"column":22},"end":{"line":8,"column":24}}]},"1":{"loc":{"start":{"line":28,"column":2},"end":{"line":31,"column":3}},"type":"if","locations":[{"start":{"line":28,"column":2},"end":{"line":31,"column":3}}]},"2":{"loc":{"start":{"line":28,"column":6},"end":{"line":28,"column":29}},"type":"binary-expr","locations":[{"start":{"line":28,"column":6},"end":{"line":28,"column":12}},{"start":{"line":28,"column":16},"end":{"line":28,"column":29}}]},"3":{"loc":{"start":{"line":37,"column":12},"end":{"line":37,"column":45}},"type":"cond-expr","locations":[{"start":{"line":37,"column":19},"end":{"line":37,"column":33}},{"start":{"line":37,"column":36},"end":{"line":37,"column":45}}]},"4":{"loc":{"start":{"line":38,"column":16},"end":{"line":38,"column":55}},"type":"cond-expr","locations":[{"start":{"line":38,"column":27},"end":{"line":38,"column":43}},{"start":{"line":38,"column":46},"end":{"line":38,"column":55}}]},"5":{"loc":{"start":{"line":67,"column":12},"end":{"line":67,"column":45}},"type":"cond-expr","locations":[{"start":{"line":67,"column":19},"end":{"line":67,"column":33}},{"start":{"line":67,"column":36},"end":{"line":67,"column":45}}]}},"s":{"0":2,"1":2,"2":1,"3":1,"4":1,"5":1,"6":0,"7":0,"8":2,"9":2,"10":2,"11":2,"12":1,"13":1,"14":1,"15":1,"16":1,"17":0,"18":0,"19":2,"20":2,"21":0,"22":0,"23":0,"24":0,"25":0,"26":0,"27":2,"28":2,"29":0,"30":0,"31":0,"32":0,"33":0,"34":0,"35":0,"36":2,"37":2,"38":0,"39":0,"40":0,"41":0,"42":0,"43":0,"44":2,"45":2,"46":0,"47":0,"48":0,"49":0,"50":0,"51":0,"52":2,"53":2,"54":1,"55":1,"56":1,"57":1,"58":1,"59":0,"60":0,"61":2},"f":{"0":1,"1":2,"2":0,"3":0,"4":0,"5":0,"6":1},"b":{"0":[1,0],"1":[1],"2":[2,1],"3":[0,1],"4":[0,1],"5":[0,0]}}
,"/home/bese/All projects/todo-app/packages/backend/src/repositories/collection.repository.ts": {"path":"/home/bese/All projects/todo-app/packages/backend/src/repositories/collection.repository.ts","statementMap":{"0":{"start":{"line":1,"column":0},"end":{"line":1,"column":58}},"1":{"start":{"line":3,"column":15},"end":{"line":3,"column":33}},"2":{"start":{"line":4,"column":19},"end":{"line":4,"column":null}},"3":{"start":{"line":13,"column":30},"end":{"line":32,"column":1}},"4":{"start":{"line":16,"column":22},"end":{"line":25,"column":4}},"5":{"start":{"line":27,"column":2},"end":{"line":31,"column":6}},"6":{"start":{"line":27,"column":42},"end":{"line":31,"column":4}},"7":{"start":{"line":30,"column":54},"end":{"line":30,"column":68}},"8":{"start":{"line":13,"column":13},"end":{"line":13,"column":30}},"9":{"start":{"line":34,"column":34},"end":{"line":63,"column":1}},"10":{"start":{"line":36,"column":17},"end":{"line":36,"column":35}},"11":{"start":{"line":37,"column":2},"end":{"line":39,"column":3}},"12":{"start":{"line":38,"column":4},"end":{"line":38,"column":18}},"13":{"start":{"line":41,"column":21},"end":{"line":51,"column":4}},"14":{"start":{"line":53,"column":2},"end":{"line":53,"column":59}},"15":{"start":{"line":53,"column":19},"end":{"line":53,"column":59}},"16":{"start":{"line":55,"column":16},"end":{"line":59,"column":4}},"17":{"start":{"line":57,"column":51},"end":{"line":57,"column":62}},"18":{"start":{"line":61,"column":2},"end":{"line":61,"column":28}},"19":{"start":{"line":62,"column":2},"end":{"line":62,"column":15}},"20":{"start":{"line":34,"column":13},"end":{"line":34,"column":34}},"21":{"start":{"line":65,"column":36},"end":{"line":67,"column":1}},"22":{"start":{"line":66,"column":2},"end":{"line":66,"column":34}},"23":{"start":{"line":65,"column":13},"end":{"line":65,"column":36}},"24":{"start":{"line":69,"column":37},"end":{"line":72,"column":1}},"25":{"start":{"line":71,"column":2},"end":{"line":71,"column":32}},"26":{"start":{"line":69,"column":13},"end":{"line":69,"column":37}},"27":{"start":{"line":74,"column":30},"end":{"line":83,"column":1}},"28":{"start":{"line":75,"column":21},"end":{"line":75,"column":74}},"29":{"start":{"line":76,"column":2},"end":{"line":78,"column":3}},"30":{"start":{"line":77,"column":4},"end":{"line":77,"column":44}},"31":{"start":{"line":79,"column":2},"end":{"line":82,"column":5}},"32":{"start":{"line":74,"column":13},"end":{"line":74,"column":30}},"33":{"start":{"line":85,"column":32},"end":{"line":89,"column":1}},"34":{"start":{"line":86,"column":2},"end":{"line":88,"column":5}},"35":{"start":{"line":85,"column":13},"end":{"line":85,"column":32}},"36":{"start":{"line":91,"column":38},"end":{"line":107,"column":1}},"37":{"start":{"line":92,"column":15},"end":{"line":95,"column":4}},"38":{"start":{"line":97,"column":2},"end":{"line":97,"column":47}},"39":{"start":{"line":97,"column":13},"end":{"line":97,"column":47}},"40":{"start":{"line":99,"column":2},"end":{"line":106,"column":5}},"41":{"start":{"line":91,"column":13},"end":{"line":91,"column":38}}},"fnMap":{"0":{"name":"(anonymous_0)","decl":{"start":{"line":13,"column":30},"end":{"line":13,"column":35}},"loc":{"start":{"line":15,"column":4},"end":{"line":32,"column":1}}},"1":{"name":"(anonymous_1)","decl":{"start":{"line":27,"column":25},"end":{"line":27,"column":26}},"loc":{"start":{"line":27,"column":42},"end":{"line":31,"column":4}}},"2":{"name":"(anonymous_2)","decl":{"start":{"line":30,"column":44},"end":{"line":30,"column":45}},"loc":{"start":{"line":30,"column":54},"end":{"line":30,"column":68}}},"3":{"name":"(anonymous_3)","decl":{"start":{"line":34,"column":34},"end":{"line":34,"column":39}},"loc":{"start":{"line":34,"column":55},"end":{"line":63,"column":1}}},"4":{"name":"(anonymous_4)","decl":{"start":{"line":57,"column":44},"end":{"line":57,"column":45}},"loc":{"start":{"line":57,"column":51},"end":{"line":57,"column":62}}},"5":{"name":"(anonymous_5)","decl":{"start":{"line":65,"column":36},"end":{"line":65,"column":37}},"loc":{"start":{"line":65,"column":61},"end":{"line":67,"column":1}}},"6":{"name":"(anonymous_6)","decl":{"start":{"line":69,"column":37},"end":{"line":69,"column":42}},"loc":{"start":{"line":69,"column":58},"end":{"line":72,"column":1}}},"7":{"name":"(anonymous_7)","decl":{"start":{"line":74,"column":30},"end":{"line":74,"column":35}},"loc":{"start":{"line":74,"column":72},"end":{"line":83,"column":1}}},"8":{"name":"(anonymous_8)","decl":{"start":{"line":85,"column":32},"end":{"line":85,"column":37}},"loc":{"start":{"line":85,"column":76},"end":{"line":89,"column":1}}},"9":{"name":"(anonymous_9)","decl":{"start":{"line":91,"column":38},"end":{"line":91,"column":43}},"loc":{"start":{"line":91,"column":74},"end":{"line":107,"column":1}}}},"branchMap":{"0":{"loc":{"start":{"line":37,"column":2},"end":{"line":39,"column":3}},"type":"if","locations":[{"start":{"line":37,"column":2},"end":{"line":39,"column":3}}]},"1":{"loc":{"start":{"line":37,"column":6},"end":{"line":37,"column":74}},"type":"binary-expr","locations":[{"start":{"line":37,"column":6},"end":{"line":37,"column":12}},{"start":{"line":37,"column":16},"end":{"line":37,"column":74}}]},"2":{"loc":{"start":{"line":53,"column":2},"end":{"line":53,"column":59}},"type":"if","locations":[{"start":{"line":53,"column":2},"end":{"line":53,"column":59}}]},"3":{"loc":{"start":{"line":76,"column":2},"end":{"line":78,"column":3}},"type":"if","locations":[{"start":{"line":76,"column":2},"end":{"line":78,"column":3}}]},"4":{"loc":{"start":{"line":97,"column":2},"end":{"line":97,"column":47}},"type":"if","locations":[{"start":{"line":97,"column":2},"end":{"line":97,"column":47}}]}},"s":{"0":2,"1":2,"2":2,"3":2,"4":1,"5":1,"6":2,"7":0,"8":2,"9":2,"10":0,"11":0,"12":0,"13":0,"14":0,"15":0,"16":0,"17":0,"18":0,"19":0,"20":2,"21":2,"22":1,"23":2,"24":2,"25":0,"26":2,"27":2,"28":1,"29":1,"30":0,"31":1,"32":2,"33":2,"34":1,"35":2,"36":2,"37":0,"38":0,"39":0,"40":0,"41":2},"f":{"0":1,"1":2,"2":0,"3":0,"4":0,"5":1,"6":0,"7":1,"8":1,"9":0},"b":{"0":[0],"1":[0,0],"2":[0],"3":[0],"4":[0]}}
,"/home/bese/All projects/todo-app/packages/backend/src/repositories/task.repository.ts": {"path":"/home/bese/All projects/todo-app/packages/backend/src/repositories/task.repository.ts","statementMap":{"0":{"start":{"line":1,"column":0},"end":{"line":1,"column":52}},"1":{"start":{"line":2,"column":0},"end":{"line":2,"column":63}},"2":{"start":{"line":4,"column":15},"end":{"line":4,"column":33}},"3":{"start":{"line":6,"column":26},"end":{"line":13,"column":1}},"4":{"start":{"line":12,"column":2},"end":{"line":12,"column":48}},"5":{"start":{"line":6,"column":13},"end":{"line":6,"column":26}},"6":{"start":{"line":16,"column":40},"end":{"line":37,"column":1}},"7":{"start":{"line":17,"column":15},"end":{"line":20,"column":4}},"8":{"start":{"line":22,"column":2},"end":{"line":22,"column":47}},"9":{"start":{"line":22,"column":13},"end":{"line":22,"column":47}},"10":{"start":{"line":24,"column":2},"end":{"line":33,"column":5}},"11":{"start":{"line":36,"column":2},"end":{"line":36,"column":42}},"12":{"start":{"line":16,"column":13},"end":{"line":16,"column":40}},"13":{"start":{"line":39,"column":36},"end":{"line":45,"column":1}},"14":{"start":{"line":40,"column":2},"end":{"line":44,"column":5}},"15":{"start":{"line":39,"column":13},"end":{"line":39,"column":36}},"16":{"start":{"line":48,"column":26},"end":{"line":53,"column":1}},"17":{"start":{"line":49,"column":2},"end":{"line":52,"column":5}},"18":{"start":{"line":48,"column":13},"end":{"line":48,"column":26}},"19":{"start":{"line":56,"column":38},"end":{"line":72,"column":1}},"20":{"start":{"line":57,"column":15},"end":{"line":60,"column":4}},"21":{"start":{"line":62,"column":2},"end":{"line":62,"column":47}},"22":{"start":{"line":62,"column":13},"end":{"line":62,"column":47}},"23":{"start":{"line":64,"column":2},"end":{"line":71,"column":5}},"24":{"start":{"line":56,"column":13},"end":{"line":56,"column":38}},"25":{"start":{"line":75,"column":26},"end":{"line":82,"column":1}},"26":{"start":{"line":76,"column":15},"end":{"line":76,"column":62}},"27":{"start":{"line":77,"column":2},"end":{"line":77,"column":47}},"28":{"start":{"line":77,"column":13},"end":{"line":77,"column":47}},"29":{"start":{"line":78,"column":2},"end":{"line":81,"column":5}},"30":{"start":{"line":75,"column":13},"end":{"line":75,"column":26}}},"fnMap":{"0":{"name":"(anonymous_0)","decl":{"start":{"line":6,"column":26},"end":{"line":6,"column":31}},"loc":{"start":{"line":11,"column":20},"end":{"line":13,"column":1}}},"1":{"name":"(anonymous_1)","decl":{"start":{"line":16,"column":40},"end":{"line":16,"column":45}},"loc":{"start":{"line":16,"column":84},"end":{"line":37,"column":1}}},"2":{"name":"(anonymous_2)","decl":{"start":{"line":39,"column":36},"end":{"line":39,"column":41}},"loc":{"start":{"line":39,"column":84},"end":{"line":45,"column":1}}},"3":{"name":"(anonymous_3)","decl":{"start":{"line":48,"column":26},"end":{"line":48,"column":31}},"loc":{"start":{"line":48,"column":86},"end":{"line":53,"column":1}}},"4":{"name":"(anonymous_4)","decl":{"start":{"line":56,"column":38},"end":{"line":56,"column":43}},"loc":{"start":{"line":56,"column":74},"end":{"line":72,"column":1}}},"5":{"name":"(anonymous_5)","decl":{"start":{"line":75,"column":26},"end":{"line":75,"column":31}},"loc":{"start":{"line":75,"column":62},"end":{"line":82,"column":1}}}},"branchMap":{"0":{"loc":{"start":{"line":22,"column":2},"end":{"line":22,"column":47}},"type":"if","locations":[{"start":{"line":22,"column":2},"end":{"line":22,"column":47}}]},"1":{"loc":{"start":{"line":62,"column":2},"end":{"line":62,"column":47}},"type":"if","locations":[{"start":{"line":62,"column":2},"end":{"line":62,"column":47}}]},"2":{"loc":{"start":{"line":77,"column":2},"end":{"line":77,"column":47}},"type":"if","locations":[{"start":{"line":77,"column":2},"end":{"line":77,"column":47}}]}},"s":{"0":2,"1":2,"2":2,"3":2,"4":1,"5":2,"6":2,"7":1,"8":1,"9":0,"10":1,"11":1,"12":2,"13":2,"14":1,"15":2,"16":2,"17":0,"18":2,"19":2,"20":0,"21":0,"22":0,"23":0,"24":2,"25":2,"26":0,"27":0,"28":0,"29":0,"30":2},"f":{"0":1,"1":1,"2":1,"3":0,"4":0,"5":0},"b":{"0":[0],"1":[0],"2":[0]}}
,"/home/bese/All projects/todo-app/packages/backend/src/routes/collections.route.ts": {"path":"/home/bese/All projects/todo-app/packages/backend/src/routes/collections.route.ts","statementMap":{"0":{"start":{"line":1,"column":0},"end":{"line":1,"column":30}},"1":{"start":{"line":2,"column":0},"end":{"line":2,"column":77}},"2":{"start":{"line":4,"column":15},"end":{"line":4,"column":31}},"3":{"start":{"line":6,"column":0},"end":{"line":6,"column":53}},"4":{"start":{"line":7,"column":0},"end":{"line":7,"column":56}},"5":{"start":{"line":8,"column":0},"end":{"line":8,"column":67}},"6":{"start":{"line":10,"column":0},"end":{"line":10,"column":66}},"7":{"start":{"line":11,"column":0},"end":{"line":11,"column":69}},"8":{"start":{"line":13,"column":0},"end":{"line":13,"column":22}}},"fnMap":{},"branchMap":{},"s":{"0":2,"1":2,"2":2,"3":2,"4":2,"5":2,"6":2,"7":2,"8":2},"f":{},"b":{}}
,"/home/bese/All projects/todo-app/packages/backend/src/routes/tasks.route.ts": {"path":"/home/bese/All projects/todo-app/packages/backend/src/routes/tasks.route.ts","statementMap":{"0":{"start":{"line":1,"column":0},"end":{"line":1,"column":30}},"1":{"start":{"line":2,"column":0},"end":{"line":2,"column":65}},"2":{"start":{"line":4,"column":15},"end":{"line":4,"column":31}},"3":{"start":{"line":6,"column":0},"end":{"line":6,"column":77}},"4":{"start":{"line":7,"column":0},"end":{"line":7,"column":44}},"5":{"start":{"line":8,"column":0},"end":{"line":8,"column":46}},"6":{"start":{"line":9,"column":0},"end":{"line":9,"column":49}},"7":{"start":{"line":10,"column":0},"end":{"line":10,"column":55}},"8":{"start":{"line":11,"column":0},"end":{"line":11,"column":59}},"9":{"start":{"line":14,"column":0},"end":{"line":14,"column":85}},"10":{"start":{"line":16,"column":0},"end":{"line":16,"column":22}}},"fnMap":{},"branchMap":{},"s":{"0":2,"1":2,"2":2,"3":2,"4":2,"5":2,"6":2,"7":2,"8":2,"9":2,"10":2},"f":{},"b":{}}
}
