TN:
SF:src/index.ts
FN:10,createApp
FN:21,(anonymous_2)
FN:32,(anonymous_3)
FNF:3
FNH:1
FNDA:2,createApp
FNDA:0,(anonymous_2)
FNDA:0,(anonymous_3)
DA:2,2
DA:3,2
DA:4,2
DA:5,2
DA:6,2
DA:8,2
DA:10,2
DA:11,2
DA:13,2
DA:14,2
DA:17,2
DA:18,2
DA:21,2
DA:22,0
DA:25,2
DA:29,2
DA:30,0
DA:31,0
DA:32,0
DA:33,0
LF:20
LH:15
BRDA:29,0,0,0
BRDA:31,1,0,0
BRDA:31,1,1,0
BRF:3
BRH:0
end_of_record
TN:
SF:src/controllers/collection.controller.ts
FN:4,(anonymous_9)
FN:15,(anonymous_10)
FN:34,(anonymous_11)
FN:48,(anonymous_12)
FN:62,(anonymous_13)
FNF:5
FNH:3
FNDA:1,(anonymous_9)
FNDA:2,(anonymous_10)
FNDA:1,(anonymous_11)
FNDA:0,(anonymous_12)
FNDA:0,(anonymous_13)
DA:2,2
DA:4,2
DA:5,1
DA:6,1
DA:7,1
DA:9,0
DA:10,0
DA:15,2
DA:19,2
DA:20,2
DA:21,1
DA:22,1
DA:25,1
DA:26,1
DA:27,1
DA:29,0
DA:30,0
DA:34,2
DA:38,1
DA:39,1
DA:40,1
DA:41,1
DA:43,0
DA:44,0
DA:48,2
DA:52,0
DA:53,0
DA:54,0
DA:55,0
DA:57,0
DA:58,0
DA:62,2
DA:66,0
DA:67,0
DA:68,0
DA:69,0
DA:72,0
DA:74,0
LF:38
LH:20
BRDA:20,0,0,1
BRF:1
BRH:1
end_of_record
TN:
SF:src/controllers/task.controller.ts
FN:4,(anonymous_9)
FN:26,(anonymous_10)
FN:48,(anonymous_11)
FN:61,(anonymous_12)
FN:80,(anonymous_13)
FN:92,(anonymous_14)
FN:105,(anonymous_15)
FNF:7
FNH:3
FNDA:1,(anonymous_9)
FNDA:2,(anonymous_10)
FNDA:0,(anonymous_11)
FNDA:0,(anonymous_12)
FNDA:0,(anonymous_13)
FNDA:0,(anonymous_14)
FNDA:1,(anonymous_15)
DA:2,2
DA:4,2
DA:5,1
DA:6,1
DA:7,1
DA:8,1
DA:10,0
DA:11,0
DA:16,2
DA:26,2
DA:27,2
DA:28,2
DA:29,1
DA:30,1
DA:33,1
DA:34,1
DA:40,1
DA:42,0
DA:44,0
DA:48,2
DA:49,0
DA:50,0
DA:52,0
DA:53,0
DA:55,0
DA:56,0
DA:61,2
DA:62,0
DA:63,0
DA:64,0
DA:65,0
DA:72,0
DA:74,0
DA:75,0
DA:80,2
DA:81,0
DA:82,0
DA:83,0
DA:84,0
DA:86,0
DA:87,0
DA:92,2
DA:93,0
DA:94,0
DA:95,0
DA:96,0
DA:98,0
DA:100,0
DA:105,2
DA:106,1
DA:107,1
DA:108,1
DA:109,1
DA:110,1
DA:112,0
DA:114,0
LF:56
LH:25
BRDA:8,0,0,1
BRDA:8,0,1,0
BRDA:28,1,0,1
BRDA:28,2,0,2
BRDA:28,2,1,1
BRDA:37,3,0,0
BRDA:37,3,1,1
BRDA:38,4,0,0
BRDA:38,4,1,1
BRDA:67,5,0,0
BRDA:67,5,1,0
BRF:11
BRH:6
end_of_record
TN:
SF:src/repositories/collection.repository.ts
FN:13,(anonymous_0)
FN:27,(anonymous_1)
FN:30,(anonymous_2)
FN:34,(anonymous_3)
FN:57,(anonymous_4)
FN:65,(anonymous_5)
FN:69,(anonymous_6)
FN:74,(anonymous_7)
FN:85,(anonymous_8)
FN:91,(anonymous_9)
FNF:10
FNH:5
FNDA:1,(anonymous_0)
FNDA:2,(anonymous_1)
FNDA:0,(anonymous_2)
FNDA:0,(anonymous_3)
FNDA:0,(anonymous_4)
FNDA:1,(anonymous_5)
FNDA:0,(anonymous_6)
FNDA:1,(anonymous_7)
FNDA:1,(anonymous_8)
FNDA:0,(anonymous_9)
DA:1,2
DA:3,2
DA:4,2
DA:13,2
DA:16,1
DA:27,2
DA:30,0
DA:34,2
DA:36,0
DA:37,0
DA:38,0
DA:41,0
DA:53,0
DA:55,0
DA:57,0
DA:61,0
DA:62,0
DA:65,2
DA:66,1
DA:69,2
DA:71,0
DA:74,2
DA:75,1
DA:76,1
DA:77,0
DA:79,1
DA:85,2
DA:86,1
DA:91,2
DA:92,0
DA:97,0
DA:99,0
LF:32
LH:17
BRDA:37,0,0,0
BRDA:37,1,0,0
BRDA:37,1,1,0
BRDA:53,2,0,0
BRDA:76,3,0,0
BRDA:97,4,0,0
BRF:6
BRH:0
end_of_record
TN:
SF:src/repositories/task.repository.ts
FN:6,(anonymous_0)
FN:16,(anonymous_1)
FN:39,(anonymous_2)
FN:48,(anonymous_3)
FN:56,(anonymous_4)
FN:75,(anonymous_5)
FNF:6
FNH:3
FNDA:1,(anonymous_0)
FNDA:1,(anonymous_1)
FNDA:1,(anonymous_2)
FNDA:0,(anonymous_3)
FNDA:0,(anonymous_4)
FNDA:0,(anonymous_5)
DA:1,2
DA:2,2
DA:4,2
DA:6,2
DA:12,1
DA:16,2
DA:17,1
DA:22,1
DA:24,1
DA:36,1
DA:39,2
DA:40,1
DA:48,2
DA:49,0
DA:56,2
DA:57,0
DA:62,0
DA:64,0
DA:75,2
DA:76,0
DA:77,0
DA:78,0
LF:22
LH:15
BRDA:22,0,0,0
BRDA:62,1,0,0
BRDA:77,2,0,0
BRF:3
BRH:0
end_of_record
TN:
SF:src/routes/collections.route.ts
FNF:0
FNH:0
DA:1,2
DA:2,2
DA:4,2
DA:6,2
DA:7,2
DA:8,2
DA:10,2
DA:11,2
DA:13,2
LF:9
LH:9
BRF:0
BRH:0
end_of_record
TN:
SF:src/routes/tasks.route.ts
FNF:0
FNH:0
DA:1,2
DA:2,2
DA:4,2
DA:6,2
DA:7,2
DA:8,2
DA:9,2
DA:10,2
DA:11,2
DA:14,2
DA:16,2
LF:11
LH:11
BRF:0
BRH:0
end_of_record
